2017-11-27 16:20:56,828 1324 [main] INFO  t.r.i.RetailImplementationsApplication - Starting RetailImplementationsApplication on vagrant-pc with PID 2396 (D:\SpringBootProjects\RetailImplementations\target\classes started by vagrant in D:\SpringBootProjects\RetailImplementations)
2017-11-27 16:20:56,833 1329 [main] INFO  t.r.i.RetailImplementationsApplication - No active profile set, falling back to default profiles: default
2017-11-27 16:20:57,068 1564 [main] INFO  o.s.b.c.e.AnnotationConfigEmbeddedWebApplicationContext - Refreshing org.springframework.boot.context.embedded.AnnotationConfigEmbeddedWebApplicationContext@57c758ac: startup date [Mon Nov 27 16:20:57 IST 2017]; root of context hierarchy
2017-11-27 16:20:58,472 2968 [background-preinit] INFO  o.h.validator.internal.util.Version - HV000001: Hibernate Validator 5.3.5.Final
2017-11-27 16:21:01,679 6175 [main] INFO  o.s.b.c.e.t.TomcatEmbeddedServletContainer - Tomcat initialized with port(s): 9090 (http)
2017-11-27 16:21:01,701 6197 [main] INFO  o.a.catalina.core.StandardService - Starting service [Tomcat]
2017-11-27 16:21:01,713 6209 [main] INFO  o.a.catalina.core.StandardEngine - Starting Servlet Engine: Apache Tomcat/8.5.23
2017-11-27 16:21:01,989 6485 [localhost-startStop-1] INFO  o.a.c.c.C.[Tomcat].[localhost].[/] - Initializing Spring embedded WebApplicationContext
2017-11-27 16:21:01,989 6485 [localhost-startStop-1] INFO  o.s.web.context.ContextLoader - Root WebApplicationContext: initialization completed in 4921 ms
2017-11-27 16:21:02,717 7213 [localhost-startStop-1] INFO  o.s.b.w.s.ServletRegistrationBean - Mapping servlet: 'dispatcherServlet' to [/]
2017-11-27 16:21:02,726 7222 [localhost-startStop-1] INFO  o.s.b.w.s.FilterRegistrationBean - Mapping filter: 'metricsFilter' to: [/*]
2017-11-27 16:21:02,726 7222 [localhost-startStop-1] INFO  o.s.b.w.s.FilterRegistrationBean - Mapping filter: 'characterEncodingFilter' to: [/*]
2017-11-27 16:21:02,726 7222 [localhost-startStop-1] INFO  o.s.b.w.s.FilterRegistrationBean - Mapping filter: 'hiddenHttpMethodFilter' to: [/*]
2017-11-27 16:21:02,726 7222 [localhost-startStop-1] INFO  o.s.b.w.s.FilterRegistrationBean - Mapping filter: 'httpPutFormContentFilter' to: [/*]
2017-11-27 16:21:02,726 7222 [localhost-startStop-1] INFO  o.s.b.w.s.FilterRegistrationBean - Mapping filter: 'requestContextFilter' to: [/*]
2017-11-27 16:21:02,727 7223 [localhost-startStop-1] INFO  o.s.b.w.s.FilterRegistrationBean - Mapping filter: 'webRequestLoggingFilter' to: [/*]
2017-11-27 16:21:02,728 7224 [localhost-startStop-1] INFO  o.s.b.w.s.FilterRegistrationBean - Mapping filter: 'applicationContextIdFilter' to: [/*]
2017-11-27 16:21:02,976 7472 [main] INFO  c.c.client.core.env.CoreEnvironment - ioPoolSize is less than 3 (2), setting to: 3
2017-11-27 16:21:02,977 7473 [main] INFO  c.c.client.core.env.CoreEnvironment - computationPoolSize is less than 3 (2), setting to: 3
2017-11-27 16:21:03,233 7729 [main] INFO  c.c.client.core.CouchbaseCore - CouchbaseEnvironment: {sslEnabled=false, sslKeystoreFile='null', sslKeystorePassword=false, sslKeystore=null, bootstrapHttpEnabled=true, bootstrapCarrierEnabled=true, bootstrapHttpDirectPort=8091, bootstrapHttpSslPort=18091, bootstrapCarrierDirectPort=11210, bootstrapCarrierSslPort=11207, ioPoolSize=3, computationPoolSize=3, responseBufferSize=16384, requestBufferSize=16384, kvServiceEndpoints=1, viewServiceEndpoints=1, queryServiceEndpoints=1, searchServiceEndpoints=1, ioPool=NioEventLoopGroup, coreScheduler=CoreScheduler, memcachedHashingStrategy=DefaultMemcachedHashingStrategy, eventBus=DefaultEventBus, packageNameAndVersion=couchbase-java-client/2.3.7 (git: 2.3.7, core: 1.3.7-dirty), dcpEnabled=false, retryStrategy=BestEffort, maxRequestLifetime=75000, retryDelay=ExponentialDelay{growBy 1.0 MICROSECONDS, powers of 2; lower=100, upper=100000}, reconnectDelay=ExponentialDelay{growBy 1.0 MILLISECONDS, powers of 2; lower=32, upper=4096}, observeIntervalDelay=ExponentialDelay{growBy 1.0 MICROSECONDS, powers of 2; lower=10, upper=100000}, keepAliveInterval=30000, autoreleaseAfter=2000, bufferPoolingEnabled=true, tcpNodelayEnabled=true, mutationTokensEnabled=false, socketConnectTimeout=1000, dcpConnectionBufferSize=20971520, dcpConnectionBufferAckThreshold=0.2, dcpConnectionName=dcp/core-io, callbacksOnIoPool=false, disconnectTimeout=25000, requestBufferWaitStrategy=com.couchbase.client.core.env.DefaultCoreEnvironment$2@50d3bf39, queryTimeout=75000, viewTimeout=75000, kvTimeout=2500, connectTimeout=5000, dnsSrvEnabled=false}
2017-11-27 16:21:03,570 8066 [cb-io-1-1] INFO  com.couchbase.client.core.node.Node - Connected to Node localhost
2017-11-27 16:21:03,778 8274 [cb-io-1-1] WARN  c.c.c.c.e.ResponseStatusConverter - Unknown ResponseStatus with Protocol HTTP: 401
2017-11-27 16:21:03,785 8281 [cb-io-1-1] INFO  com.couchbase.client.core.node.Node - Disconnected from Node localhost
2017-11-27 16:21:03,814 8310 [main] WARN  o.s.b.c.e.AnnotationConfigEmbeddedWebApplicationContext - Exception encountered during context initialization - cancelling refresh attempt: org.springframework.beans.factory.UnsatisfiedDependencyException: Error creating bean with name 'storeController': Unsatisfied dependency expressed through field 'storeService'; nested exception is org.springframework.beans.factory.UnsatisfiedDependencyException: Error creating bean with name 'storeServerServiceFactoryImpl': Unsatisfied dependency expressed through field 'storeRepository'; nested exception is org.springframework.beans.factory.UnsatisfiedDependencyException: Error creating bean with name 'couchbaseRepositoryOperationsMapping' defined in class path resource [tesco/retail/implementations/CouchDBConfigurations.class]: Unsatisfied dependency expressed through method 'repositoryOperationsMapping' parameter 0; nested exception is org.springframework.beans.factory.BeanCreationException: Error creating bean with name 'couchbaseTemplate' defined in class path resource [tesco/retail/implementations/CouchDBConfigurations.class]: Bean instantiation via factory method failed; nested exception is org.springframework.beans.BeanInstantiationException: Failed to instantiate [org.springframework.data.couchbase.core.CouchbaseTemplate]: Factory method 'couchbaseTemplate' threw exception; nested exception is org.springframework.beans.factory.BeanCreationException: Error creating bean with name 'couchbaseClusterInfo' defined in class path resource [tesco/retail/implementations/CouchDBConfigurations.class]: Bean instantiation via factory method failed; nested exception is org.springframework.beans.BeanInstantiationException: Failed to instantiate [com.couchbase.client.java.cluster.ClusterInfo]: Factory method 'couchbaseClusterInfo' threw exception; nested exception is com.couchbase.client.java.error.InvalidPasswordException
2017-11-27 16:21:03,836 8332 [main] INFO  c.c.client.core.env.CoreEnvironment - Shutdown Core Scheduler: success 
2017-11-27 16:21:03,836 8332 [main] INFO  c.c.client.core.env.CoreEnvironment - Shutdown Runtime Metrics Collector: success 
2017-11-27 16:21:03,836 8332 [main] INFO  c.c.client.core.env.CoreEnvironment - Shutdown Latency Metrics Collector: success 
2017-11-27 16:21:03,847 8343 [globalEventExecutor-2-1] INFO  c.c.client.core.env.CoreEnvironment - Shutdown IoPool: success 
2017-11-27 16:21:05,799 10295 [Thread-7] INFO  c.c.client.core.env.CoreEnvironment - Shutdown Netty: success 
2017-11-27 16:21:05,806 10302 [main] INFO  o.a.catalina.core.StandardService - Stopping service [Tomcat]
2017-11-27 16:21:05,840 10336 [main] INFO  o.s.b.a.l.AutoConfigurationReportLoggingInitializer - 

Error starting ApplicationContext. To display the auto-configuration report re-run your application with 'debug' enabled.
2017-11-27 16:21:05,850 10346 [main] ERROR o.s.boot.SpringApplication - Application startup failed
org.springframework.beans.factory.UnsatisfiedDependencyException: Error creating bean with name 'storeController': Unsatisfied dependency expressed through field 'storeService'; nested exception is org.springframework.beans.factory.UnsatisfiedDependencyException: Error creating bean with name 'storeServerServiceFactoryImpl': Unsatisfied dependency expressed through field 'storeRepository'; nested exception is org.springframework.beans.factory.UnsatisfiedDependencyException: Error creating bean with name 'couchbaseRepositoryOperationsMapping' defined in class path resource [tesco/retail/implementations/CouchDBConfigurations.class]: Unsatisfied dependency expressed through method 'repositoryOperationsMapping' parameter 0; nested exception is org.springframework.beans.factory.BeanCreationException: Error creating bean with name 'couchbaseTemplate' defined in class path resource [tesco/retail/implementations/CouchDBConfigurations.class]: Bean instantiation via factory method failed; nested exception is org.springframework.beans.BeanInstantiationException: Failed to instantiate [org.springframework.data.couchbase.core.CouchbaseTemplate]: Factory method 'couchbaseTemplate' threw exception; nested exception is org.springframework.beans.factory.BeanCreationException: Error creating bean with name 'couchbaseClusterInfo' defined in class path resource [tesco/retail/implementations/CouchDBConfigurations.class]: Bean instantiation via factory method failed; nested exception is org.springframework.beans.BeanInstantiationException: Failed to instantiate [com.couchbase.client.java.cluster.ClusterInfo]: Factory method 'couchbaseClusterInfo' threw exception; nested exception is com.couchbase.client.java.error.InvalidPasswordException
	at org.springframework.beans.factory.annotation.AutowiredAnnotationBeanPostProcessor$AutowiredFieldElement.inject(AutowiredAnnotationBeanPostProcessor.java:588)
	at org.springframework.beans.factory.annotation.InjectionMetadata.inject(InjectionMetadata.java:88)
	at org.springframework.beans.factory.annotation.AutowiredAnnotationBeanPostProcessor.postProcessPropertyValues(AutowiredAnnotationBeanPostProcessor.java:366)
	at org.springframework.beans.factory.support.AbstractAutowireCapableBeanFactory.populateBean(AbstractAutowireCapableBeanFactory.java:1264)
	at org.springframework.beans.factory.support.AbstractAutowireCapableBeanFactory.doCreateBean(AbstractAutowireCapableBeanFactory.java:553)
	at org.springframework.beans.factory.support.AbstractAutowireCapableBeanFactory.createBean(AbstractAutowireCapableBeanFactory.java:483)
	at org.springframework.beans.factory.support.AbstractBeanFactory$1.getObject(AbstractBeanFactory.java:306)
	at org.springframework.beans.factory.support.DefaultSingletonBeanRegistry.getSingleton(DefaultSingletonBeanRegistry.java:230)
	at org.springframework.beans.factory.support.AbstractBeanFactory.doGetBean(AbstractBeanFactory.java:302)
	at org.springframework.beans.factory.support.AbstractBeanFactory.getBean(AbstractBeanFactory.java:197)
	at org.springframework.beans.factory.support.DefaultListableBeanFactory.preInstantiateSingletons(DefaultListableBeanFactory.java:761)
	at org.springframework.context.support.AbstractApplicationContext.finishBeanFactoryInitialization(AbstractApplicationContext.java:867)
	at org.springframework.context.support.AbstractApplicationContext.refresh(AbstractApplicationContext.java:543)
	at org.springframework.boot.context.embedded.EmbeddedWebApplicationContext.refresh(EmbeddedWebApplicationContext.java:122)
	at org.springframework.boot.SpringApplication.refresh(SpringApplication.java:693)
	at org.springframework.boot.SpringApplication.refreshContext(SpringApplication.java:360)
	at org.springframework.boot.SpringApplication.run(SpringApplication.java:303)
	at org.springframework.boot.SpringApplication.run(SpringApplication.java:1118)
	at org.springframework.boot.SpringApplication.run(SpringApplication.java:1107)
	at tesco.retail.implementations.RetailImplementationsApplication.main(RetailImplementationsApplication.java:12)
Caused by: org.springframework.beans.factory.UnsatisfiedDependencyException: Error creating bean with name 'storeServerServiceFactoryImpl': Unsatisfied dependency expressed through field 'storeRepository'; nested exception is org.springframework.beans.factory.UnsatisfiedDependencyException: Error creating bean with name 'couchbaseRepositoryOperationsMapping' defined in class path resource [tesco/retail/implementations/CouchDBConfigurations.class]: Unsatisfied dependency expressed through method 'repositoryOperationsMapping' parameter 0; nested exception is org.springframework.beans.factory.BeanCreationException: Error creating bean with name 'couchbaseTemplate' defined in class path resource [tesco/retail/implementations/CouchDBConfigurations.class]: Bean instantiation via factory method failed; nested exception is org.springframework.beans.BeanInstantiationException: Failed to instantiate [org.springframework.data.couchbase.core.CouchbaseTemplate]: Factory method 'couchbaseTemplate' threw exception; nested exception is org.springframework.beans.factory.BeanCreationException: Error creating bean with name 'couchbaseClusterInfo' defined in class path resource [tesco/retail/implementations/CouchDBConfigurations.class]: Bean instantiation via factory method failed; nested exception is org.springframework.beans.BeanInstantiationException: Failed to instantiate [com.couchbase.client.java.cluster.ClusterInfo]: Factory method 'couchbaseClusterInfo' threw exception; nested exception is com.couchbase.client.java.error.InvalidPasswordException
	at org.springframework.beans.factory.annotation.AutowiredAnnotationBeanPostProcessor$AutowiredFieldElement.inject(AutowiredAnnotationBeanPostProcessor.java:588)
	at org.springframework.beans.factory.annotation.InjectionMetadata.inject(InjectionMetadata.java:88)
	at org.springframework.beans.factory.annotation.AutowiredAnnotationBeanPostProcessor.postProcessPropertyValues(AutowiredAnnotationBeanPostProcessor.java:366)
	at org.springframework.beans.factory.support.AbstractAutowireCapableBeanFactory.populateBean(AbstractAutowireCapableBeanFactory.java:1264)
	at org.springframework.beans.factory.support.AbstractAutowireCapableBeanFactory.doCreateBean(AbstractAutowireCapableBeanFactory.java:553)
	at org.springframework.beans.factory.support.AbstractAutowireCapableBeanFactory.createBean(AbstractAutowireCapableBeanFactory.java:483)
	at org.springframework.beans.factory.support.AbstractBeanFactory$1.getObject(AbstractBeanFactory.java:306)
	at org.springframework.beans.factory.support.DefaultSingletonBeanRegistry.getSingleton(DefaultSingletonBeanRegistry.java:230)
	at org.springframework.beans.factory.support.AbstractBeanFactory.doGetBean(AbstractBeanFactory.java:302)
	at org.springframework.beans.factory.support.AbstractBeanFactory.getBean(AbstractBeanFactory.java:202)
	at org.springframework.beans.factory.config.DependencyDescriptor.resolveCandidate(DependencyDescriptor.java:208)
	at org.springframework.beans.factory.support.DefaultListableBeanFactory.doResolveDependency(DefaultListableBeanFactory.java:1138)
	at org.springframework.beans.factory.support.DefaultListableBeanFactory.resolveDependency(DefaultListableBeanFactory.java:1066)
	at org.springframework.beans.factory.annotation.AutowiredAnnotationBeanPostProcessor$AutowiredFieldElement.inject(AutowiredAnnotationBeanPostProcessor.java:585)
	... 19 common frames omitted
Caused by: org.springframework.beans.factory.UnsatisfiedDependencyException: Error creating bean with name 'couchbaseRepositoryOperationsMapping' defined in class path resource [tesco/retail/implementations/CouchDBConfigurations.class]: Unsatisfied dependency expressed through method 'repositoryOperationsMapping' parameter 0; nested exception is org.springframework.beans.factory.BeanCreationException: Error creating bean with name 'couchbaseTemplate' defined in class path resource [tesco/retail/implementations/CouchDBConfigurations.class]: Bean instantiation via factory method failed; nested exception is org.springframework.beans.BeanInstantiationException: Failed to instantiate [org.springframework.data.couchbase.core.CouchbaseTemplate]: Factory method 'couchbaseTemplate' threw exception; nested exception is org.springframework.beans.factory.BeanCreationException: Error creating bean with name 'couchbaseClusterInfo' defined in class path resource [tesco/retail/implementations/CouchDBConfigurations.class]: Bean instantiation via factory method failed; nested exception is org.springframework.beans.BeanInstantiationException: Failed to instantiate [com.couchbase.client.java.cluster.ClusterInfo]: Factory method 'couchbaseClusterInfo' threw exception; nested exception is com.couchbase.client.java.error.InvalidPasswordException
	at org.springframework.beans.factory.support.ConstructorResolver.createArgumentArray(ConstructorResolver.java:749)
	at org.springframework.beans.factory.support.ConstructorResolver.instantiateUsingFactoryMethod(ConstructorResolver.java:467)
	at org.springframework.beans.factory.support.AbstractAutowireCapableBeanFactory.instantiateUsingFactoryMethod(AbstractAutowireCapableBeanFactory.java:1173)
	at org.springframework.beans.factory.support.AbstractAutowireCapableBeanFactory.createBeanInstance(AbstractAutowireCapableBeanFactory.java:1067)
	at org.springframework.beans.factory.support.AbstractAutowireCapableBeanFactory.doCreateBean(AbstractAutowireCapableBeanFactory.java:513)
	at org.springframework.beans.factory.support.AbstractAutowireCapableBeanFactory.createBean(AbstractAutowireCapableBeanFactory.java:483)
	at org.springframework.beans.factory.support.AbstractBeanFactory$1.getObject(AbstractBeanFactory.java:306)
	at org.springframework.beans.factory.support.DefaultSingletonBeanRegistry.getSingleton(DefaultSingletonBeanRegistry.java:230)
	at org.springframework.beans.factory.support.AbstractBeanFactory.doGetBean(AbstractBeanFactory.java:302)
	at org.springframework.beans.factory.support.AbstractBeanFactory.getBean(AbstractBeanFactory.java:197)
	at org.springframework.beans.factory.support.AbstractBeanFactory.doGetBean(AbstractBeanFactory.java:296)
	at org.springframework.beans.factory.support.AbstractBeanFactory.getBean(AbstractBeanFactory.java:202)
	at org.springframework.beans.factory.config.DependencyDescriptor.resolveCandidate(DependencyDescriptor.java:208)
	at org.springframework.beans.factory.support.DefaultListableBeanFactory.doResolveDependency(DefaultListableBeanFactory.java:1138)
	at org.springframework.beans.factory.support.DefaultListableBeanFactory.resolveDependency(DefaultListableBeanFactory.java:1066)
	at org.springframework.beans.factory.annotation.AutowiredAnnotationBeanPostProcessor$AutowiredFieldElement.inject(AutowiredAnnotationBeanPostProcessor.java:585)
	... 32 common frames omitted
Caused by: org.springframework.beans.factory.BeanCreationException: Error creating bean with name 'couchbaseTemplate' defined in class path resource [tesco/retail/implementations/CouchDBConfigurations.class]: Bean instantiation via factory method failed; nested exception is org.springframework.beans.BeanInstantiationException: Failed to instantiate [org.springframework.data.couchbase.core.CouchbaseTemplate]: Factory method 'couchbaseTemplate' threw exception; nested exception is org.springframework.beans.factory.BeanCreationException: Error creating bean with name 'couchbaseClusterInfo' defined in class path resource [tesco/retail/implementations/CouchDBConfigurations.class]: Bean instantiation via factory method failed; nested exception is org.springframework.beans.BeanInstantiationException: Failed to instantiate [com.couchbase.client.java.cluster.ClusterInfo]: Factory method 'couchbaseClusterInfo' threw exception; nested exception is com.couchbase.client.java.error.InvalidPasswordException
	at org.springframework.beans.factory.support.ConstructorResolver.instantiateUsingFactoryMethod(ConstructorResolver.java:599)
	at org.springframework.beans.factory.support.AbstractAutowireCapableBeanFactory.instantiateUsingFactoryMethod(AbstractAutowireCapableBeanFactory.java:1173)
	at org.springframework.beans.factory.support.AbstractAutowireCapableBeanFactory.createBeanInstance(AbstractAutowireCapableBeanFactory.java:1067)
	at org.springframework.beans.factory.support.AbstractAutowireCapableBeanFactory.doCreateBean(AbstractAutowireCapableBeanFactory.java:513)
	at org.springframework.beans.factory.support.AbstractAutowireCapableBeanFactory.createBean(AbstractAutowireCapableBeanFactory.java:483)
	at org.springframework.beans.factory.support.AbstractBeanFactory$1.getObject(AbstractBeanFactory.java:306)
	at org.springframework.beans.factory.support.DefaultSingletonBeanRegistry.getSingleton(DefaultSingletonBeanRegistry.java:230)
	at org.springframework.beans.factory.support.AbstractBeanFactory.doGetBean(AbstractBeanFactory.java:302)
	at org.springframework.beans.factory.support.AbstractBeanFactory.getBean(AbstractBeanFactory.java:202)
	at org.springframework.beans.factory.config.DependencyDescriptor.resolveCandidate(DependencyDescriptor.java:208)
	at org.springframework.beans.factory.support.DefaultListableBeanFactory.doResolveDependency(DefaultListableBeanFactory.java:1138)
	at org.springframework.beans.factory.support.DefaultListableBeanFactory.resolveDependency(DefaultListableBeanFactory.java:1066)
	at org.springframework.beans.factory.support.ConstructorResolver.resolveAutowiredArgument(ConstructorResolver.java:835)
	at org.springframework.beans.factory.support.ConstructorResolver.createArgumentArray(ConstructorResolver.java:741)
	... 47 common frames omitted
Caused by: org.springframework.beans.BeanInstantiationException: Failed to instantiate [org.springframework.data.couchbase.core.CouchbaseTemplate]: Factory method 'couchbaseTemplate' threw exception; nested exception is org.springframework.beans.factory.BeanCreationException: Error creating bean with name 'couchbaseClusterInfo' defined in class path resource [tesco/retail/implementations/CouchDBConfigurations.class]: Bean instantiation via factory method failed; nested exception is org.springframework.beans.BeanInstantiationException: Failed to instantiate [com.couchbase.client.java.cluster.ClusterInfo]: Factory method 'couchbaseClusterInfo' threw exception; nested exception is com.couchbase.client.java.error.InvalidPasswordException
	at org.springframework.beans.factory.support.SimpleInstantiationStrategy.instantiate(SimpleInstantiationStrategy.java:189)
	at org.springframework.beans.factory.support.ConstructorResolver.instantiateUsingFactoryMethod(ConstructorResolver.java:588)
	... 60 common frames omitted
Caused by: org.springframework.beans.factory.BeanCreationException: Error creating bean with name 'couchbaseClusterInfo' defined in class path resource [tesco/retail/implementations/CouchDBConfigurations.class]: Bean instantiation via factory method failed; nested exception is org.springframework.beans.BeanInstantiationException: Failed to instantiate [com.couchbase.client.java.cluster.ClusterInfo]: Factory method 'couchbaseClusterInfo' threw exception; nested exception is com.couchbase.client.java.error.InvalidPasswordException
	at org.springframework.beans.factory.support.ConstructorResolver.instantiateUsingFactoryMethod(ConstructorResolver.java:599)
	at org.springframework.beans.factory.support.AbstractAutowireCapableBeanFactory.instantiateUsingFactoryMethod(AbstractAutowireCapableBeanFactory.java:1173)
	at org.springframework.beans.factory.support.AbstractAutowireCapableBeanFactory.createBeanInstance(AbstractAutowireCapableBeanFactory.java:1067)
	at org.springframework.beans.factory.support.AbstractAutowireCapableBeanFactory.doCreateBean(AbstractAutowireCapableBeanFactory.java:513)
	at org.springframework.beans.factory.support.AbstractAutowireCapableBeanFactory.createBean(AbstractAutowireCapableBeanFactory.java:483)
	at org.springframework.beans.factory.support.AbstractBeanFactory$1.getObject(AbstractBeanFactory.java:306)
	at org.springframework.beans.factory.support.DefaultSingletonBeanRegistry.getSingleton(DefaultSingletonBeanRegistry.java:230)
	at org.springframework.beans.factory.support.AbstractBeanFactory.doGetBean(AbstractBeanFactory.java:302)
	at org.springframework.beans.factory.support.AbstractBeanFactory.getBean(AbstractBeanFactory.java:197)
	at org.springframework.context.annotation.ConfigurationClassEnhancer$BeanMethodInterceptor.obtainBeanInstanceFromFactory(ConfigurationClassEnhancer.java:389)
	at org.springframework.context.annotation.ConfigurationClassEnhancer$BeanMethodInterceptor.intercept(ConfigurationClassEnhancer.java:361)
	at tesco.retail.implementations.CouchDBConfigurations$$EnhancerBySpringCGLIB$$3ac1956.couchbaseClusterInfo(<generated>)
	at org.springframework.data.couchbase.config.AbstractCouchbaseDataConfiguration.couchbaseTemplate(AbstractCouchbaseDataConfiguration.java:76)
	at tesco.retail.implementations.CouchDBConfigurations$$EnhancerBySpringCGLIB$$3ac1956.CGLIB$couchbaseTemplate$11(<generated>)
	at tesco.retail.implementations.CouchDBConfigurations$$EnhancerBySpringCGLIB$$3ac1956$$FastClassBySpringCGLIB$$416b876.invoke(<generated>)
	at org.springframework.cglib.proxy.MethodProxy.invokeSuper(MethodProxy.java:228)
	at org.springframework.context.annotation.ConfigurationClassEnhancer$BeanMethodInterceptor.intercept(ConfigurationClassEnhancer.java:358)
	at tesco.retail.implementations.CouchDBConfigurations$$EnhancerBySpringCGLIB$$3ac1956.couchbaseTemplate(<generated>)
	at sun.reflect.NativeMethodAccessorImpl.invoke0(Native Method)
	at sun.reflect.NativeMethodAccessorImpl.invoke(NativeMethodAccessorImpl.java:62)
	at sun.reflect.DelegatingMethodAccessorImpl.invoke(DelegatingMethodAccessorImpl.java:43)
	at java.lang.reflect.Method.invoke(Method.java:498)
	at org.springframework.beans.factory.support.SimpleInstantiationStrategy.instantiate(SimpleInstantiationStrategy.java:162)
	... 61 common frames omitted
Caused by: org.springframework.beans.BeanInstantiationException: Failed to instantiate [com.couchbase.client.java.cluster.ClusterInfo]: Factory method 'couchbaseClusterInfo' threw exception; nested exception is com.couchbase.client.java.error.InvalidPasswordException
	at org.springframework.beans.factory.support.SimpleInstantiationStrategy.instantiate(SimpleInstantiationStrategy.java:189)
	at org.springframework.beans.factory.support.ConstructorResolver.instantiateUsingFactoryMethod(ConstructorResolver.java:588)
	... 83 common frames omitted
Caused by: com.couchbase.client.java.error.InvalidPasswordException: null
	at com.couchbase.client.java.cluster.DefaultAsyncClusterManager$3.call(DefaultAsyncClusterManager.java:111)
	at com.couchbase.client.java.cluster.DefaultAsyncClusterManager$3.call(DefaultAsyncClusterManager.java:106)
	at rx.internal.util.ActionSubscriber.onNext(ActionSubscriber.java:39)
	at rx.internal.operators.OperatorDoOnEach$1.onNext(OperatorDoOnEach.java:81)
	at rx.internal.operators.OnSubscribeRedo$2$1.onNext(OnSubscribeRedo.java:244)
	at rx.internal.operators.OperatorMerge$MergeSubscriber.emitScalar(OperatorMerge.java:399)
	at rx.internal.operators.OperatorMerge$MergeSubscriber.tryEmit(OperatorMerge.java:357)
	at rx.internal.operators.OperatorMerge$InnerSubscriber.onNext(OperatorMerge.java:852)
	at rx.internal.producers.SingleProducer.request(SingleProducer.java:65)
	at rx.Subscriber.setProducer(Subscriber.java:211)
	at rx.subjects.AsyncSubject.onCompleted(AsyncSubject.java:106)
	at com.couchbase.client.core.endpoint.AbstractGenericHandler.completeResponse(AbstractGenericHandler.java:375)
	at com.couchbase.client.core.endpoint.AbstractGenericHandler.access$000(AbstractGenericHandler.java:69)
	at com.couchbase.client.core.endpoint.AbstractGenericHandler$1.call(AbstractGenericHandler.java:393)
	at rx.internal.schedulers.ScheduledAction.run(ScheduledAction.java:55)
	at java.util.concurrent.Executors$RunnableAdapter.call(Executors.java:511)
	at java.util.concurrent.FutureTask.run(FutureTask.java:266)
	at java.util.concurrent.ScheduledThreadPoolExecutor$ScheduledFutureTask.access$201(ScheduledThreadPoolExecutor.java:180)
	at java.util.concurrent.ScheduledThreadPoolExecutor$ScheduledFutureTask.run(ScheduledThreadPoolExecutor.java:293)
	at java.util.concurrent.ThreadPoolExecutor.runWorker(ThreadPoolExecutor.java:1142)
	at java.util.concurrent.ThreadPoolExecutor$Worker.run(ThreadPoolExecutor.java:617)
	at java.lang.Thread.run(Thread.java:745)
Caused by: rx.exceptions.OnErrorThrowable$OnNextValue: OnError while emitting onNext value: com.couchbase.client.core.message.config.ClusterConfigResponse.class
	at rx.exceptions.OnErrorThrowable.addValueAsLastCause(OnErrorThrowable.java:109)
	at rx.exceptions.Exceptions.throwOrReport(Exceptions.java:193)
	at rx.internal.operators.OperatorDoOnEach$1.onNext(OperatorDoOnEach.java:83)
	... 18 common frames omitted
